-- Architectures:
-- Found CUDAToolkit: /usr/local/cuda-12.0/include (found version "12.0.76")
-- Performing Test CMAKE_HAVE_LIBC_PTHREAD
-- Performing Test CMAKE_HAVE_LIBC_PTHREAD - Success
-- Found Threads: TRUE
-- Found TPLCUDA: TRUE
-- Found TPLLIBDL: /usr/include
-- Found OpenMP_C: -fopenmp (found version "4.5")
-- Found OpenMP_CXX: -fopenmp (found version "4.5")
-- Found OpenMP: TRUE (found version "4.5")
-- Using internal desul_atomics copy
-- Kokkos Devices: SERIAL, Kokkos Backends: SERIAL
-- Configuring done
You have changed variables that require your cache to be deleted.
Configure will be re-run and you may have to reset some variables.
The following variables have changed:
CMAKE_CXX_COMPILER= /usr/bin/c++

-- The C compiler identification is GNU 12.2.0
-- The CXX compiler identification is GNU 12.2.0
-- Detecting C compiler ABI info
-- Detecting C compiler ABI info - done
-- Check for working C compiler: /usr/bin/cc - skipped
-- Detecting C compile features
-- Detecting C compile features - done
-- Detecting CXX compiler ABI info
-- Detecting CXX compiler ABI info - done
-- Check for working CXX compiler: /usr/bin/c++ - skipped
-- Detecting CXX compile features
-- Detecting CXX compile features - done
-- Setting default Kokkos CXX standard to 17
-- The project name is: Kokkos
-- Using internal gtest for testing
-- Compiler Version: 12.0.76
-- SERIAL backend is being turned on to ensure there is at least one Host space. To change this, you must enable another host execution space and configure with -DKokkos_ENABLE_SERIAL=OFF or change CMakeCache.txt
-- Using -std=c++17 for C++17 standard as feature
-- Built-in Execution Spaces:
--     Device Parallel: NoTypeDefined
--     Host Parallel: NoTypeDefined
--       Host Serial: SERIAL



Running voxelization for model in file: ./model_files/skull.obj
Set scale: 1
Threads provided: 2
Running on Kokkos device
Kokkos::OpenMP::initialize WARNING: OMP_PROC_BIND environment variable not set
  In general, for best performance with OpenMP 4.0 or better set OMP_PROC_BIND=spread and OMP_PLACES=threads
  For best performance with OpenMP 3.1 set OMP_PROC_BIND=true
  For unit testing set OMP_PROC_BIND=false

WARNING: Small voxel count may lead to inaccurate results. Calculated voxel count is: 19452
double free or corruption (out)
/home/uzytkownik/Dokumenty/Masters code/algorithm.sh: line 14:  7850 Aborted                 (core dumped) $EXECUTABLE ./model_files/skull.obj -t:$j -s:$k --log

